#Epoch	Training Error	Testing Error
0	0.6436438578298999	0.627620007658691
1	0.5839982078854629	0.5935746887916248
2	0.5442700556914057	0.5703775017580375
3	0.5151697004084999	0.5518741066240107
4	0.4912702618380138	0.5345554563515471
5	0.4696027953820984	0.5170462746759911
6	0.44913485024572075	0.49950332656278285
7	0.42997790256489576	0.4827070348135823
8	0.4125039571091863	0.4672990643343414
9	0.39687876647957054	0.45353538210485844
10	0.38304484376918774	0.44139060526888096
11	0.37084444424715746	0.4307145890976421
12	0.36009938955936616	0.42132396706438396
13	0.35063723937920993	0.4130391168493232
14	0.34229640591598176	0.40569656099952556
15	0.3349278594069619	0.3991527354259927
16	0.32839700021663015	0.39328458224127333
17	0.32258502950724244	0.38798858806072856
18	0.3173892081248225	0.38317893275806264
19	0.31272205642209217	0.3787851956408697
20	0.3085098606328103	0.37474995101673425
21	0.30469086611643836	0.3710264748160991
22	0.301213436106988	0.36757668838059954
23	0.2980343419334317	0.36436939481462427
24	0.29511726412580813	0.3613788168269572
25	0.29243152766063973	0.3585834174071437
26	0.2899510623819579	0.35596497027588575
27	0.28765356361328953	0.3535078413034014
28	0.2855198219958176	0.351198441800799
29	0.28353319140362965	0.3490248175511059
30	0.2816791666520753	0.3469763421307387
31	0.2799450469136662	0.34504348841762966
32	0.2783196652518746	0.34321765747402727
33	0.2767931688896551	0.34149104878858233
34	0.2753568384563498	0.3398565599375738
35	0.2740029374061738	0.33830770701240975
36	0.27272458509321545	0.3368385596990581
37	0.27151564870409484	0.335443686783011
38	0.27037065049735826	0.3341181092119831
39	0.2692846876864769	0.3328572587981032
40	0.2682533629267972	0.33165694128797824
41	0.2672727238038072	0.3305133029591507
42	0.2663392100298888	0.3294228001816399
43	0.2654496072819749	0.32838217156230176
44	0.26460100678247844	0.32738841240224203
45	0.263790769859589	0.32643875126718064
46	0.2630164968325297	0.3255306285132865
47	0.2622759996597369	0.32466167663684925
48	0.261567277867302	0.3238297023317432
49	0.2608884973436988	0.32303267014803
50	0.2602379716461665	0.32226868765071426
51	0.2596141455150279	0.3215359919811384
52	0.2590155803354246	0.32083293772571186
53	0.25844094132218326	0.320157985998221
54	0.2578889862335583	0.3195096946432874
55	0.2573585554442554	0.3188867094699126
56	0.256848563228275	0.3182877564257306
57	0.2563579901185622	0.31771163462473323
58	0.25588587622398606	0.31715721014395815
59	0.25543131539551167	0.3166234105080058
60	0.25499345014315045	0.31610921978427436
61	0.2545714672138736	0.3156136742164181
62	0.25416459374850153	0.31513585832868735
63	0.25377209394290123	0.3146749014393287
64	0.2533932661457886	0.3142299745270197
65	0.2530274403321289	0.3138002874002047
66	0.25267397589758356	0.31338508612505156
67	0.2523322597256496	0.312983650673444
68	0.2520017044850442	0.31259529275783415
69	0.25168174712046426	0.3122193538248268
70	0.2513718475050392	0.31185520318399673
71	0.25107148722758044	0.3115022362526034
72	0.25078016849206597	0.31115987290055835
73	0.25049741311069257	0.3108275558832288
74	0.2502227615752602	0.3105047493524364
75	0.24995577219465806	0.31019093743837733
76	0.24969602028879256	0.30988562289717
77	0.2494430974314976	0.3095883258203998
78	0.24919661073678273	0.30929858240437963
79	0.2489561821842828	0.30901594377796626
80	0.2487214479809771	0.3087399748886576
81	0.2484920579571932	0.3084702534474207
82	0.24826767499562716	0.30820636893324704
83	0.2480479744926249	0.30794792165886203
84	0.2478326438513155	0.30769452189931956
85	0.24762138200636663	0.30744578908539955
86	0.24741389898019317	0.3072013510638242
87	0.24720991547039017	0.30696084342629265
88	0.2470091624680068	0.3067239089092287
89	0.2468113809060481	0.30649019686591283
90	0.24661632133728878	0.30625936281236416
91	0.24642374364014777	0.30603106804791486
92	0.24623341675099286	0.3058049793509032
93	0.24604511842086205	0.3055807687493072
94	0.24585863499420932	0.30535811336544655
95	0.24567376120692447	0.3051366953331323
96	0.24549030000057454	0.3049162017848434
97	0.24530806234955824	0.3046963249056915
98	0.2451268670977091	0.30447676205013924
99	0.24494654080080605	0.30425721591666244
100	0.2447669175714945	0.3040373947748781
101	0.2445878389232718	0.30381701273907413
102	0.2444091536104667	0.3035957900816366
103	0.24423071746152514	0.30337345357961226
104	0.24405239320340874	0.30314973688752067
105	0.24387405027548828	0.30292438092963575
106	0.2436955646319555	0.3026971343052132
107	0.24351681853245571	0.30246775370056667
108	0.24333770032132676	0.30223600430246583
109	0.24315810419647949	0.30200166020798963
110	0.24297792996954917	0.30176450482668754
111	0.24279708281943455	0.30152433127162004
112	0.24261547304171258	0.301280942736524
113	0.2424330157966341	0.3010341528569115
114	0.24224963085845927	0.30078378605333594
115	0.24206524236878013	0.30052967785528845
116	0.24187977859618212	0.30027167520421993
117	0.24169317170415625	0.30000963673397674
118	0.24150535752857769	0.29974343302654033
119	0.24131627536536807	0.29947294684035625
120	0.24112586776817282	0.29919807330779585
121	0.24093408035505934	0.29891872009745807
122	0.24074086162242342	0.29863480753616795
123	0.2405461627635129	0.2983462686847359
124	0.24034993748829944	0.29805304936090016
125	0.24015214184088618	0.29775510810246364
126	0.23995273401027037	0.29745241606353906
127	0.2397516741301278	0.2971449568371035
128	0.239548924063368	0.2968327261977712
129	0.23934444716754893	0.29651573175987966
130	0.23913820803783706	0.2961939925476111
131	0.23893017222505933	0.2958675384759512
132	0.23872030592748197	0.29553640974373596
133	0.23850857565625277	0.2952006561427871
134	0.2382949478759095	0.29486033629006436
135	0.23807938862292716	0.2945155167927655
136	0.23786186310690796	0.29416627135920276
137	0.2376423353006333	0.2938126798709804
138	0.2374207675267278	0.2934548274343193
139	0.2371971200500846	0.2930928034302014
140	0.23697135068639213	0.29272670058426903
141	0.23674341443804783	0.2923566140779686
142	0.23651326316939988	0.2919826407223024
143	0.23628084533359275	0.2916048782146803
144	0.23604610576329985	0.29122342449776134
145	0.23580898553727753	0.29083837723692707
146	0.23556942193399624	0.2904498334301343
147	0.23532734848257952	0.29005788916048675
148	0.23508269511993327	0.2896626394980127
149	0.2348353884612854	0.2892641785529304
150	0.23458535218938636	0.2888625996782504
151	0.23433250756536625	0.28845799581500053
152	0.23407677406171637	0.28805045996876116
153	0.23381807011508032	0.28764008580172246
154	0.23355631399353408	0.28722696832019967
155	0.23329142476984774	0.28681120463363347
156	0.23302332338890458	0.2863928947576996
157	0.2327519338140908	0.28597214243139113
158	0.23247718423415845	0.2855490559160103
159	0.2321990083089157	0.28512374874304025
160	0.23191734642927708	0.28469634037802904
161	0.2316321469648344	0.28426695676900016
162	0.2313433674703866	0.2838357307505911
163	0.23105097582190903	0.28340280227911674
164	0.2307549512524151	0.2829683184789763
165	0.23045528525916484	0.2825324334871357
166	0.2301519823557455	0.2820953080895705
167	0.22984506064571356	0.2816571091512226
168	0.22953455219867178	0.28121800884885295
169	0.22922050321471865	0.28077818372370456
170	0.22890297396898593	0.28033781357775095
171	0.22858203853420656	0.27989708024307447
172	0.22825778428565074	0.2794561662582704
173	0.22793031119906107	0.2790152534885241
174	0.22759973095806726	0.27857452172697766
175	0.22726616589274243	0.27813414731424907
176	0.22692974777521305	0.27769430181060667
177	0.22659061650140863	0.2772551507515372
178	0.2262489186900144	0.27681685251262345
179	0.2259048062304596	0.2763795573040838
180	0.22555843481136467	0.2759434063094118
181	0.22520996245938416	0.2755085309766335
182	0.2248595481159843	0.27507505246507935
183	0.2245073502765563	0.2746430812455041
184	0.22415352571260283	0.2742127168470614
185	0.22379822829376442	0.27378404774116066
186	0.22344160792235337	0.2733571513496284
187	0.22308380958904095	0.2729320941628724
188	0.22272497255453177	0.27250893195281234
189	0.22236522965858316	0.2720877100651021
190	0.2220047067546673	0.2716684637755186
191	0.22164352226598463	0.27125121869618657
192	0.22128178685643454	0.2708359912184231
193	0.22091960320852844	0.27042278898031896
194	0.22055706589906957	0.27001161134860147
195	0.22019426136268103	0.26960244990578974
196	0.2198312679328835	0.2691952889350573
197	0.2194681559503698	0.268790105896558
198	0.21910498792830976	0.2683868718901712
199	0.21874181876492632	0.26798555210070024
200	0.2183786959941325	0.2675861062224906
201	0.21801566006568043	0.2671884888612323
202	0.21765274464700643	0.2667926499113756
203	0.21728997693972135	0.26639853490814924
204	0.21692737800447354	0.2660060853536154
205	0.21656496308868015	0.2656152390165717
206	0.21620274195235806	0.2652259302064093
207	0.21584071918799222	0.26483809002127445
208	0.21547889453103272	0.26445164657109066
209	0.21511726315821522	0.2640665251761539
210	0.21475581597145868	0.26368264854215767
211	0.21439453986558993	0.2632999369126238
212	0.21403341797859346	0.2629183081998108
213	0.2136724299234923	0.2625376780952642
214	0.21331155200130927	0.2621579601612463
215	0.21295075739487973	0.2617790659043506
216	0.21259001634355196	0.26140090483265127
217	0.2122292962990527	0.26102338449779433
218	0.21186856206299862	0.26064641052345633
219	0.2115077759067145	0.2602698866216256
220	0.21114689767416983	0.2598937145981703
221	0.21078588486898073	0.25951779434915706
222	0.21042469272653705	0.25914202384937834
223	0.21006327427241622	0.25876629913452925
224	0.20970158036833436	0.25839051427844784
225	0.2093395597469618	0.25801456136681217
226	0.20897715903700662	0.2576383304686439
227	0.20861432278003358	0.25726170960694505
228	0.20825099344055215	0.25688458472974546
229	0.20788711141096694	0.25650683968281496
230	0.20752261501304803	0.2561283561852522
231	0.20715744049763335	0.2557490138091352
232	0.20679152204433648	0.255368689964385
233	0.20642479176308742	0.25498725988997145
234	0.20605717969938298	0.25460459665256024
235	0.20568861384516537	0.25422057115367014
236	0.2053190201572793	0.253835052146389
237	0.2049483225854689	0.25344790626264496
238	0.20457644311186385	0.25305899805199017
239	0.20420330180386131	0.252668190032784
240	0.20382881688222293	0.2522753427565767
241	0.20345290480607275	0.25188031488637713
242	0.20307548037627549	0.25148296328934266
243	0.20269645685840434	0.251083143144237
244	0.20231574612614014	0.25068070806377846
245	0.20193325882549124	0.2502755102317217
246	0.20154890455965102	0.24986740055420772
247	0.20116259209364745	0.24945622882457344
248	0.20077422957715538	0.24904184390043935
249	0.20038372478297897	0.24862409389155948
250	0.19999098535776724	0.2482028263565879
251	0.1995959190805533	0.24777788850671853
252	0.1991984341237549	0.2473491274140854
253	0.1987984393104071	0.24691639022299508
254	0.19839584436071225	0.24647952436256565
255	0.1979905601205892	0.2460383777602827
256	0.19758249876490167	0.24559279905745315
257	0.19717157396857327	0.2451426378296374
258	0.19675770103996096	0.24468774481797181
259	0.19634079701278107	0.24422797218087305
260	0.1959207806956171	0.24376317377997925
261	0.19549757268160758	0.24329320551922246
262	0.1950710953252785	0.2428179257615227
263	0.19464127269851517	0.24233719585344732
264	0.19420803054315203	0.2418508807939598
265	0.19377129624331105	0.24135885008859223
266	0.19333099884605673	0.24086097883445437
267	0.19288706916375	0.2403571490837933
268	0.1924394399952142	0.2398472515336507
269	0.19198804650501297	0.2393311875858233
270	0.1915328268003821	0.23880887181417843
271	0.1910737227432547	0.23828023486480826
272	0.19061068103009052	0.23774522679814558
273	0.1901436545646374	0.2372038208607529
274	0.1896726041381775	0.23665601764814517
275	0.18919750041823097	0.23610184958913324
276	0.18871832623020665	0.23554138564768212
277	0.1882350790973856	0.23497473610161967
278	0.18774777398345097	0.23440205722075197
279	0.1872564461593541	0.23382355563275808
280	0.18676115409389524	0.23323949213693512
281	0.1862619822465992	0.23265018470715226
282	0.18575904362433215	0.23205601042011395
283	0.1852524819518732	0.2314574060567616
284	0.18474247330363647	0.23085486715606254
285	0.1842292270509287	0.2302489453528296
286	0.18371298599785804	0.22964024390384996
287	0.18319402560956582	0.22902941139643068
288	0.1826726522778248	0.22841713373496633
289	0.18214920061876702	0.22780412460660918
290	0.18162402985185055	0.22719111472743114
291	0.18109751936345006	0.2265788402559636
292	0.18057006360765432	0.22596803082289324
293	0.180042066536251	0.22535939765719312
294	0.1795139357757706	0.22475362228639267
295	0.1789860767796267	0.22415134625201996
296	0.17845888717739233	0.22355316221420501
297	0.17793275152241628	0.22295960672890577
298	0.1774080366061112	0.22237115487632786
299	0.1768850874661246	0.22178821680985394
300	0.17636422417045816	0.22121113619078367
301	0.1758457394144978	0.2206401903834645
302	0.17532989692634168	0.22007559221367948
303	0.17481693064035186	0.21951749304350313
304	0.17430704457108948	0.21896598688868946
305	0.17380041330032578	0.2184211152982803
306	0.17329718297840974	0.21788287272722062
307	0.17279747273709145	0.21735121215715678
308	0.17230137641269025	0.21682605075383177
309	0.1718089644848777	0.2163072753874258
310	0.1713202861458893	0.21579474788124306
311	0.17083537142642044	0.21528830989154865
312	0.17035423331670854	0.21478778735518572
313	0.1698768698335032	0.21429299447067932
314	0.16940326599515626	0.21380373720237028
315	0.16893339567750743	0.21331981631571284
316	0.16846722333236755	0.21284102996557214
317	0.16800470555811012	0.2123671758687565
318	0.16754579251818763	0.2118980530977789
319	0.1670904292083679	0.21143346353568881
320	0.16663855657727875	0.21097321303240227
321	0.16619011250759042	0.21051711230188916
322	0.16574503266703042	0.2100649775973784
323	0.1653032512395632	0.20961663119880247
324	0.1648647015476266	0.20917190174338787
325	0.16442931657642035	0.20873062442682933
326	0.16399702941101638	0.20829264109905482
327	0.16356777359658964	0.2078578002753239
328	0.16314148343142973	0.2074259570803664
329	0.16271809420166422	0.20699697314052548
330	0.16229754236583305	0.2065707164364161
331	0.1618797656966552	0.2061470611264659
332	0.16146470338654176	0.20572588734984001
333	0.1610522961226541	0.20530708101566222
334	0.16064248613659837	0.20489053358408577
335	0.16023521723319098	0.20447614184363722
336	0.1598304348021351	0.2040638076883041
337	0.15942808581590584	0.20365343789705728
338	0.15902811881666284	0.20324494391785455
339	0.1586304838945832	0.20283824165764902
340	0.15823513265962985	0.20243325127950137
341	0.1578420182084471	0.2020298970075591
342	0.15745109508778826	0.20162810694039046
343	0.1570623192556372	0.20122781287295322
344	0.1566756480409748	0.2008289501273083
345	0.15629104010296177	0.20043145739206125
346	0.15590845539015735	0.20003527657041906
347	0.15552785510026454	0.19964035263667138
348	0.15514920164078344	0.1992466335008582
349	0.1547724585908643	0.19885406988134202
350	0.15439759066457598	0.19846261518497996
351	0.1540245636757415	0.19807222539457328
352	0.15365334450444296	0.19768285896326335
353	0.15328390106525316	0.1972944767155338
354	0.15291620227721778	0.19690704175448767
355	0.15255021803558289	0.19652051937505935
356	0.15218591918524121	0.19613487698283547
357	0.15182327749584998	0.1957500840181569
358	0.15146226563856247	0.19536611188518516
359	0.15110285716429867	0.1949829338856199
360	0.1507450264834773	0.19460052515676363
361	0.15038874884712003	0.19421886261363178
362	0.1500340003292377	0.1938379248948175
363	0.14968075781039933	0.19345769231182203
364	0.1493289989623893	0.1930781468015676
365	0.14897870223384882	0.19269927188181726
366	0.14862984683680272	0.19232105260922625
367	0.14828241273396925	0.1919434755397567
368	0.1479363806267511	0.19156652869119076
369	0.14759173194380842	0.19119020150748112
370	0.14724844883011204	0.19081448482468197
371	0.14690651413638192	0.19043937083820756
372	0.14656591140881198	0.1900648530711721
373	0.1462266248789889	0.18969092634356666
374	0.14588863945391348	0.18931758674203858
375	0.14555194070603691	0.18894483159004358
376	0.14521651486322648	0.18857265941814846
377	0.1448823487985808	0.18820106993427244
378	0.14454943002001866	0.18783006399366503
379	0.14421774665956882	0.18745964356842898
380	0.14388728746229656	0.18708981171641048
381	0.14355804177480444	0.18672057254929147
382	0.14322999953325635	0.18635193119973778
383	0.14290315125087358	0.1859838937874676
384	0.14257748800486672	0.18561646738412926
385	0.14225300142276748	0.18524965997689208
386	0.14192968366813782	0.18488348043067487
387	0.14160752742563726	0.1845179384489597
388	0.1412865258854423	0.1841530445331576
389	0.14096667272701593	0.18378880994051608
390	0.14064796210223596	0.1834252466405812
391	0.14033038861789954	0.18306236727024774
392	0.1400139473176278	0.1827001850874555
393	0.13969863366320456	0.18233871392360665
394	0.13938444351538878	0.18197796813480505
395	0.1390713731142496	0.18161796255203463
396	0.1387594190590777	0.18125871243041147
397	0.1384485782879341	0.18090023339766317
398	0.13813884805690235	0.18054254140200118
399	0.13783022591911467	0.18018565265956746
400	0.13752270970362646	0.1798295836016426
401	0.1372162974942167	0.1794743508218164
402	0.13691098760819317	0.17911997102332122
403	0.13660677857528347	0.17876646096673962
404	0.13630366911669148	0.1784138374182889
405	0.13600165812439993	0.17806211709889322
406	0.13570074464079615	0.1777113166342429
407	0.13540092783869784	0.1773614525060386
408	0.13510220700184966	0.1770125410046072
409	0.13480458150595986	0.17666459818306787
410	0.13450805080033945	0.17631763981321355
411	0.13421261439020382	0.1759716813432601
412	0.13391827181968696	0.17562673785760188
413	0.13362502265561715	0.17528282403869308
414	0.1333328664720916	0.17493995413116314
415	0.13304180283588546	0.17459814190825107
416	0.13275183129272036	0.17425740064063236
417	0.1324629513544133	0.17391774306768912
418	0.1321751624869186	0.17357918137126033
419	0.1318884640992703	0.1732417271518917
420	0.1316028555334246	0.17290539140758554
421	0.13131833605499849	0.17257018451503867
422	0.13103490484489203	0.17223611621334012
423	0.1307525609917791	0.17190319559008507
424	0.13047130348544544	0.17157143106985173
425	0.13019113121094925	0.17124083040497315
426	0.1299120429435741	0.17091140066852792
427	0.12963403734454343	0.1705831482494621
428	0.12935711295746102	0.17025607884975033
429	0.1290812682054388	0.16993019748349253
430	0.1288065013888747	0.16960550847784223
431	0.12853281068383873	0.16928201547565505
432	0.1282601941410249	0.16895972143974275
433	0.12798864968522974	0.1686386286586193
434	0.12771817511531097	0.16831873875362016
435	0.12744876810458802	0.16800005268727966
436	0.12718042620164063	0.16768257077284984
437	0.1269131468314658	0.16736629268484712
438	0.1266469272969522	0.16705121747051438
439	0.1263817647806352	0.16673734356208963
440	0.12611765634669522	0.16642466878977724
441	0.1258545989431621	0.16611319039531802
442	0.12559258940429538	0.16580290504606277
443	0.12533162445310542	0.16549380884945694
444	0.1250717007039878	0.165185897367848
445	0.12481281466544136	0.1648791656335349
446	0.1245549627428463	0.16457360816397945
447	0.12429814124127506	0.1642692189771125
448	0.12404234636831721	0.16396599160666406
449	0.12378757423689625	0.16366391911745973
450	0.12353382086806106	0.16336299412062472
451	0.12328108219373476	0.1630632087886482
452	0.12302935405940782	0.16276455487025937
453	0.12277863222676083	0.162467023705077
454	0.12252891237620639	0.162170606237996
455	0.12228019010934124	0.1618752930332794
456	0.12203246095129856	0.16158107428833055
457	0.12178572035299431	0.16128793984712156
458	0.12153996369326332	0.16099587921326206
459	0.1212951862808773	0.16070488156269097
460	0.12105138335644575	0.1604149357559838
461	0.12080855009419307	0.16012603035026618
462	0.12056668160361428	0.15983815361073028
463	0.12032577293100645	0.15955129352175518
464	0.12008581906087684	0.1592654377976302
465	0.11984681491722966	0.15898057389289016
466	0.11960875536473196	0.15869668901226686
467	0.11937163520976146	0.15841377012026944
468	0.11913544920134002	0.15813180395040494
469	0.11890019203195533	0.15785077701405395
470	0.11866585833827517	0.15757067560901872
471	0.11843244270175823	0.15729148582776165
472	0.11819993964916771	0.15701319356535542
473	0.11796834365299033	0.15673578452716744
474	0.11773764913176919	0.15645924423630148
475	0.11750785045035415	0.15618355804082326
476	0.11727894192007723	0.155908711120797
477	0.11705091779885811	0.1556346884951617
478	0.11682377229124888	0.15536147502847586
479	0.11659749954842179	0.1550890554375643
480	0.11637209366811026	0.15481741429809867
481	0.11614754869450919	0.15454653605114532
482	0.11592385861814258	0.15427640500971668
483	0.11570101737570684	0.1540070053653621
484	0.115479018849898	0.1537383211948366
485	0.11525785686923234	0.1534703364668851
486	0.11503752520786753	0.1532030350491837
487	0.11481801758543601	0.15293640071547812
488	0.11459932766689843	0.15267041715296115
489	0.11438144906242804	0.1524050679699335
490	0.11416437532733602	0.15214033670379096
491	0.11394809996204931	0.15187620682938363
492	0.11373261641215052	0.15161266176779212
493	0.11351791806849285	0.15134968489556871
494	0.11330399826740185	0.15108725955448965
495	0.11309085029097511	0.15082536906186567
496	0.1128784673674944	0.1505639967214612
497	0.11266684267196217	0.15030312583506827
498	0.11245596932677716	0.15004273971478377
499	0.11224584040256182	0.1497828216960407
500	0.11203644891915832	0.1495233551514381
501	0.11182778784680467	0.14926432350541877
502	0.11161985010751056	0.1490057102498409
503	0.1114126285766445	0.14874749896048836
504	0.11120611608475156	0.14848967331456284
505	0.1110003054196155	0.14823221710919995
506	0.11079518932858343	0.14797511428104676
507	0.11059076052116948	0.1477183489269379
508	0.11038701167195326	0.1474619053257022
509	0.1101839354237905	0.1472057679611277
510	0.10998152439135318	0.14694992154610845
511	0.1097797711650139	0.14669435104799172
512	0.10957866831509151	0.14643904171513697
513	0.10937820839647415	0.14618397910469222
514	0.10917838395363139	0.1459291491115843
515	0.10897918752603362	0.14567453799871374
516	0.10878061165398725	0.14542013242833185
517	0.1085826488849001	0.14516591949457114
518	0.10838529177998436	0.1449118867570872
519	0.10818853292140712	0.14465802227575822
520	0.10799236491989225	0.14440431464637674
521	0.10779678042277903	0.1441507530372534
522	0.10760177212253616	0.14389732722663945
523	0.10740733276573049	0.14364402764085807
524	0.10721345516244371	0.14339084539301988
525	0.10702013219612817	0.14313777232218222
526	0.10682735683388833	0.14288480103279308
527	0.10663512213717058	0.14263192493424648
528	0.10644342127283851	0.14237913828035526
529	0.10625224752460811	0.142126436208534
530	0.10606159430480859	0.14187381477846478
531	0.10587145516643459	0.1416212710100043
532	0.10568182381544343	0.14136880292007456
533	0.1054926941232521	0.14111640955826368
534	0.10530406013937756	0.14086409104085346
535	0.10511591610416213	0.14061184858297487
536	0.10492825646151835	0.1403596845285861
537	0.10474107587162161	0.14010760237795997
538	0.10455436922347672	0.1398556068123614
539	0.10436813164727586	0.13960370371559735
540	0.10418235852646414	0.13935190019211885
541	0.10399704550942397	0.13910020458136618
542	0.10381218852068544	0.1388486264680503
543	0.10362778377157073	0.13859717668808288
544	0.10344382777017491	0.1383458673298814
545	0.10326031733058859	0.13809471173079843
546	0.10307724958126607	0.13784372446844967
547	0.1028946219724471	0.13759292134674644
548	0.10271243228253951	0.13734231937647334
549	0.10253067862337911	0.13709193675028658
550	0.10234935944428339	0.13684179281205758
551	0.10216847353482766	0.1365919080205241
552	0.10198802002627702	0.13634230390726568
553	0.10180799839161678	0.13609300302906746
554	0.10162840844413758	0.13584402891478967
555	0.10144925033454004	0.13559540600691417
556	0.10127052454653591	0.1353471595979907
557	0.10109223189094052	0.13509931576226136
558	0.10091437349825864	0.13485190128279073
559	0.10073695080978577	0.1346049435744798
560	0.10055996556725819	0.1343584706033867
561	0.10038341980110102	0.13411251080282055
562	0.10020731581733629	0.13386709298671293
563	0.10003165618322936	0.13362224626080055
564	0.09985644371176094	0.13337799993218297
565	0.09968168144502877	0.13313438341783623
566	0.09950737263668903	0.13289142615267868
567	0.09933352073356165	0.1326491574977879
568	0.09916012935652675	0.13240760664937146
569	0.09898720228085087	0.1321668025490799
570	0.09881474341608253	0.13192677379624093
571	0.09864275678566012	0.13168754856256665
572	0.0984712465063773	0.13144915450986103
573	0.09830021676784963	0.1312116187112178
574	0.09812967181212182	0.130974967576161
575	0.09795961591355379	0.13073922678013622
576	0.09779005335911418	0.13050442119871195
577	0.09762098842920516	0.13027057484680085
578	0.09745242537913254	0.1300377108231585
579	0.09728436842132533	0.12980585126036043
580	0.09711682170839762	0.12957501728040796
581	0.09694978931713646	0.12934522895605655
582	0.0967832752334832	0.12911650527790833
583	0.09661728333856949	0.12888886412726033
584	0.09645181739584886	0.12866232225465107
585	0.0962868810393619	0.1284368952640028
586	0.09612247776315254	0.12821259760221498
587	0.0959586109118473	0.12798944255402775
588	0.09579528367239515	0.127767442241938
589	0.09563249906695724	0.1275466076309245
590	0.09547025994692632	0.12732694853771057
591	0.09530856898804431	0.12710847364427463
592	0.09514742868658445	0.12689119051530146
593	0.09498684135655215	0.1266751056192565
594	0.09482680912785588	0.12646022435275603
595	0.09466733394539632	0.12624655106790456
596	0.09450841756901342	0.12603408910226824
597	0.0943500615742344	0.12582284081115827
598	0.09419226735375873	0.12561280760190277
599	0.0940350361196174	0.12540398996979482
600	0.09387836890594511	0.12519638753541515
601	0.09372226657229954	0.12498999908304075
602	0.09356672980746815	0.12478482259986655
603	0.09341175913370175	0.12458085531577918
604	0.09325735491131584	0.12437809374344393
605	0.09310351734360467	0.12417653371847805
606	0.09295024648201401	0.12397617043950511
607	0.09279754223152299	0.1237769985079013
608	0.09264540435618819	0.12357901196706267
609	0.09249383248480479	0.12338220434104007
610	0.0923428261166453	0.12318656867240575
611	0.09219238462723883	0.12299209755923259
612	0.0920425072741567	0.1227987831910819
613	0.09189319320277313	0.12260661738391286
614	0.09174444145197487	0.12241559161383894
615	0.0915962509597952	0.12222569704967226
616	0.0914486205689507	0.12203692458420742
617	0.09130154903226236	0.1218492648642114
618	0.09115503501794511	0.1216627083190917
619	0.0910090771147537	0.1214772451882302
620	0.09086367383697176	0.1212928655469765
621	0.09071882362923739	0.12110955933130155
622	0.09057452487119652	0.12092731636112261
623	0.09043077588198102	0.12074612636231348
624	0.09028757492450612	0.12056597898742281
625	0.09014492020958625	0.12038686383512517
626	0.09000280989986906	0.12020877046843659
627	0.08986124211358618	0.12003168843172676
628	0.08972021492812501	0.1198556072665657
629	0.08957972638342221	0.11968051652644346
630	0.08943977448518096	0.11950640579040288
631	0.08930035720791926	0.11933326467562974
632	0.08916147249785014	0.11916108284904015
633	0.08902311827560064	0.11898985003791251
634	0.08888529243877373	0.11881955603960591
635	0.0887479928643595	0.11865019073040833
636	0.08861121741100031	0.11848174407356142
637	0.08847496392111633	0.11831420612650102
638	0.0883392302228973	0.11814756704735932
639	0.08820401413216639	0.11798181710076842
640	0.08806931345412153	0.11781694666300646
641	0.0879351259849614	0.11765294622652538
642	0.0878014495134007	0.11748980640389949
643	0.0876682818220806	0.11732751793123086
644	0.08753562068888036	0.11716607167104759
645	0.08740346388813557	0.11700545861472923
646	0.08727180919176794	0.11684566988449183
647	0.08714065437033133	0.11668669673496468
648	0.08700999719398055	0.1165285305543883
649	0.08687983543336546	0.11637116286546167
650	0.0867501668604572	0.11621458532586665
651	0.08662098924930842	0.11605878972849562
652	0.08649230037675415	0.11590376800140519
653	0.08636409802305542	0.11574951220752042
654	0.08623637997248979	0.11559601454411084
655	0.08610914401389376	0.11544326734205845
656	0.08598238794115733	0.11529126306493785
657	0.08585610955367802	0.11513999430792499
658	0.08573030665677313	0.11498945379655352
659	0.08560497706205634	0.11483963438533273
660	0.08548011858777962	0.11469052905624316
661	0.08535572905914347	0.1145421309171234
662	0.08523180630857753	0.1143944331999608
663	0.08510834817599429	0.11424742925909803
664	0.08498535250901734	0.11410111256936693
665	0.08486281716318679	0.11395547672416027
666	0.08474074000214281	0.11381051543345021
667	0.08461911889778946	0.11366622252176228
668	0.08449795173044079	0.11352259192611494
669	0.0843772363889497	0.113379617693929
670	0.08425697077082137	0.11323729398091681
671	0.08413715278231289	0.11309561504895617
672	0.08401778033851971	0.11295457526395464
673	0.08389885136344986	0.11281416909371
674	0.08378036379008805	0.11267439110577201
675	0.08366231556044867	0.11253523596530908
676	0.08354470462562055	0.11239669843298397
677	0.08342752894580292	0.11225877336284312
678	0.08331078649033373	0.11212145570022135
679	0.08319447523771104	0.1119847404796663
680	0.08307859317560784	0.11184862282288414
681	0.08296313830088158	0.11171309793670929
682	0.08284810861957767	0.1115781611111004
683	0.08273350214692862	0.11144380771716425
684	0.08261931690734872	0.11131003320520856
685	0.08250555093442434	0.11117683310282635
686	0.08239220227090134	0.11104420301301207
687	0.08227926896866826	0.11091213861231053
688	0.08216674908873718	0.11078063564899976
689	0.08205464070122148	0.11064968994130882
690	0.08194294188531129	0.11051929737566991
691	0.08183165072924659	0.11038945390500701
692	0.08172076533028821	0.11026015554705938
693	0.08161028379468709	0.11013139838274126
694	0.08150020423765174	0.11000317855453859
695	0.0813905247833142	0.10987549226494077
696	0.0812812435646945	0.10974833577490857
697	0.08117235872366409	0.10962170540237885
698	0.08106386841090782	0.10949559752080416
699	0.08095577078588496	0.1093700085577281
700	0.08084806401678948	0.10924493499339574
701	0.08074074628050895	0.10912037335939942
702	0.08063381576258309	0.10899632023735778
703	0.0805272706571615	0.10887277225763026
704	0.08042110916696052	0.1087497260980633
705	0.08031532950321961	0.1086271784827718
706	0.0802099298856572	0.10850512618095079
707	0.08010490854242609	0.10838356600572087
708	0.08000026371006781	0.10826249481300376
709	0.07989599363346747	0.10814190950042976
710	0.07979209656580745	0.10802180700627435
711	0.07968857076852116	0.1079021843084256
712	0.07958541451124596	0.10778303842337957
713	0.07948262607177642	0.10766436640526503
714	0.07938020373601676	0.1075461653448953
715	0.07927814579793319	0.107428432368848
716	0.07917645055950591	0.10731116463857081
717	0.07907511633068157	0.10719435934951387
718	0.07897414142932382	0.10707801373028655
719	0.07887352418116576	0.10696212504184043
720	0.07877326291976083	0.10684669057667535
721	0.07867335598643387	0.1067317076580692
722	0.07857380173023212	0.10661717363933157
723	0.07847459850787605	0.10650308590307832
724	0.07837574468371032	0.10638944186052977
725	0.07827723862965391	0.10627623895082845
726	0.078179078725151	0.1061634746403787
727	0.07808126335712129	0.10605114642220644
728	0.07798379091991049	0.10593925181533725
729	0.07788665981524055	0.1058277883641954
730	0.07778986845215988	0.1057167536380198
731	0.0776934152469938	0.10560614523029904
732	0.07759729862329459	0.10549596075822336
733	0.07750151701179202	0.10538619786215407
734	0.07740606885034348	0.10527685420510896
735	0.07731095258388418	0.10516792747226453
736	0.07721616666437783	0.10505941537047295
737	0.07712170955076664	0.10495131562779485
738	0.07702757970892223	0.10484362599304635
739	0.07693377561159573	0.10473634423536066
740	0.07684029573836902	0.10462946814376323
741	0.07674713857560483	0.10452299552676066
742	0.07665430261639826	0.10441692421194183
743	0.07656178636052717	0.10431125204559277
744	0.07646958831440391	0.1042059768923227
745	0.07637770699102642	0.10410109663470242
746	0.07628614090992944	0.10399660917291408
747	0.0761948885971368	0.10389251242441179
748	0.07610394858511257	0.10378880432359355
749	0.07601331941271383	0.10368548282148306
750	0.0759229996251422	0.10358254588542128
751	0.07583298777389724	0.10347999149876877
752	0.07574328241672834	0.10337781766061664
753	0.07565388211758825	0.10327602238550668
754	0.0755647854465862	0.10317460370316059
755	0.07547599097994151	0.10307355965821739
756	0.07538749729993705	0.10297288830997955
757	0.07529930299487379	0.10287258773216634
758	0.07521140665902502	0.10277265601267571
759	0.0751238068925908	0.10267309125335275
760	0.07503650230165333	0.10257389156976612
761	0.07494949149813207	0.10247505509099071
762	0.07486277309973961	0.10237657995939725
763	0.07477634572993715	0.10227846433044879
764	0.07469020801789145	0.10218070637250273
765	0.07460435859843126	0.10208330426661903
766	0.07451879611200407	0.10198625620637454
767	0.07443351920463416	0.10188956039768268
768	0.0743485265278796	0.10179321505861831
769	0.07426381673879094	0.10169721841924816
770	0.07417938849986946	0.10160156872146607
771	0.07409524047902619	0.101506264218833
772	0.07401137134954083	0.10141130317642177
773	0.07392777979002185	0.10131668387066627
774	0.07384446448436634	0.10122240458921498
775	0.0737614241217201	0.1011284636307886
776	0.073678657396439	0.10103485930504137
777	0.07359616300804958	0.10094158993242709
778	0.0735139396612113	0.10084865384406794
779	0.07343198606567787	0.10075604938162681
780	0.07335030093625985	0.1006637748971842
781	0.07326888299278769	0.10057182875311707
782	0.07318773096007443	0.1004802093219817
783	0.07310684356787951	0.10038891498639872
784	0.07302621955087248	0.10029794413894241
785	0.07294585764859761	0.1002072951820313
786	0.0728657566054383	0.10011696652782277
787	0.07278591517058232	0.10002695659810902
788	0.07270633209798731	0.09993726382421658
789	0.07262700614634628	0.09984788664690775
790	0.07254793607905427	0.0997588235162839
791	0.07246912066417464	0.09967007289169194
792	0.07239055867440618	0.09958163324163219
793	0.07231224888705022	0.09949350304366805
794	0.07223419008397851	0.09940568078433872
795	0.07215638105160112	0.09931816495907236
796	0.07207882058083477	0.09923095407210225
797	0.07200150746707167	0.09914404663638389
798	0.07192444051014875	0.09905744117351423
799	0.07184761851431645	0.098971136213652
800	0.07177104028820905	0.09888513029543995
801	0.07169470464481448	0.09879942196592835
802	0.07161861040144468	0.09871400978050016
803	0.07154275637970635	0.09862889230279683
804	0.07146714140547177	0.09854406810464629
805	0.07139176430885044	0.09845953576599152
806	0.07131662392416022	0.09837529387482044
807	0.07124171908989954	0.09829134102709734
808	0.07116704864871945	0.09820767582669457
809	0.07109261144739605	0.0981242968853259
810	0.07101840633680315	0.09804120282248087
811	0.07094443217188537	0.0979583922653596
812	0.0708706878116313	0.09787586384880924
813	0.07079717211904688	0.09779361621526068
814	0.07072388396112925	0.09771164801466614
815	0.07065082220884081	0.09762995790443788
816	0.0705779857370831	0.0975485445493878
817	0.0705053734246717	0.09746740662166709
818	0.07043298415431035	0.09738654280070723
819	0.07036081681256612	0.0973059517731615
820	0.07028887028984446	0.09722563223284701
821	0.07021714348036442	0.09714558288068754
822	0.07014563528213412	0.09706580242465686
823	0.07007434459692628	0.0969862895797226
824	0.07000327033025439	0.09690704306779098
825	0.06993241139134816	0.09682806161765146
826	0.06986176669313049	0.09674934396492287
827	0.06979133515219285	0.0966708888519987
828	0.06972111568877262	0.09659269502799442
829	0.0696511072267294	0.09651476124869374
830	0.06958130869352169	0.09643708627649672
831	0.06951171902018397	0.09635966888036689
832	0.06944233714130386	0.09628250783578018
833	0.0693731619949993	0.0962056019246731
834	0.06930419252289567	0.0961289499353919
835	0.06923542767010352	0.09605255066264205
836	0.06916686638519595	0.09597640290743799
837	0.06909850762018636	0.09590050547705303
838	0.06903035033050643	0.09582485718496993
839	0.06896239347498367	0.09574945685083153
840	0.06889463601581951	0.09567430330039185
841	0.06882707691856749	0.09559939536546737
842	0.0687597151521114	0.09552473188388862
843	0.06869254968864347	0.09545031169945192
844	0.06862557950364262	0.0953761336618719
845	0.06855880357585302	0.09530219662673359
846	0.06849222088726256	0.09522849945544506
847	0.06842583042308112	0.09515504101519053
848	0.06835963117171968	0.09508182017888314
849	0.06829362212476839	0.09500883582511863
850	0.06822780227697571	0.09493608683812856
851	0.06816217062622712	0.09486357210773433
852	0.06809672617352387	0.09479129052930105
853	0.06803146792296175	0.09471924100369156
854	0.06796639488171037	0.0946474224372208
855	0.06790150605999178	0.09457583374161042
856	0.06783680047105956	0.09450447383394348
857	0.06777227713117803	0.09443334163661904
858	0.06770793505960121	0.09436243607730752
859	0.06764377327855181	0.09429175608890551
860	0.06757979081320066	0.09422130060949152
861	0.06751598669164571	0.0941510685822809
862	0.06745235994489125	0.0940810589555818
863	0.06738890960682725	0.09401127068275085
864	0.06732563471420855	0.09394170272214906
865	0.0672625343066341	0.0938723540370973
866	0.06719960742652635	0.09380322359583323
867	0.0671368531191107	0.09373431037146696
868	0.06707427043239457	0.09366561334193736
869	0.06701185841714706	0.09359713148996861
870	0.06694961612687826	0.09352886380302672
871	0.06688754261781867	0.09346080927327614
872	0.0668256369488985	0.09339296689753637
873	0.06676389818172747	0.09332533567723869
874	0.06670232538057401	0.09325791461838329
875	0.06664091761234496	0.09319070273149582
876	0.0665796739465649	0.09312369903158456
877	0.0665185934553559	0.09305690253809745
878	0.06645767521341701	0.0929903122748795
879	0.06639691829800377	0.09292392727012933
880	0.06633632178890798	0.09285774655635698
881	0.06627588476843735	0.09279176917034092
882	0.06621560632139499	0.09272599415308523
883	0.06615548553505923	0.09266042054977731
884	0.0660955214991634	0.09259504740974495
885	0.06603571330587549	0.09252987378641367
886	0.0659760600497779	0.09246489873726461
887	0.06591656082784741	0.09240012132379148
888	0.06585721473943487	0.09233554061145814
889	0.06579802088624523	0.09227115566965606
890	0.06573897837231725	0.09220696557166208
891	0.06568008630400386	0.09214296939459556
892	0.06562134378995159	0.0920791662193757
893	0.06556274994108113	0.09201555513067954
894	0.06550430387056733	0.09195213521689881
895	0.06544600469381909	0.0918889055700978
896	0.06538785152845986	0.0918258652859705
897	0.06532984349430768	0.09176301346379788
898	0.06527197971335574	0.09170034920640555
899	0.06521425930975247	0.09163787162012085
900	0.06515668140978226	0.09157557981473004
901	0.0650992451418458	0.09151347290343582
902	0.06504194963644067	0.09145155000281402
903	0.06498479402614211	0.09138981023277103
904	0.06492777744558377	0.09132825271650082
905	0.06487089903143826	0.09126687658044183
906	0.06481415792239843	0.09120568095423391
907	0.06475755325915823	0.09114466497067496
908	0.06470108418439365	0.0910838277656781
909	0.06464474984274421	0.09102316847822797
910	0.06458854938079403	0.09096268625033749
911	0.0645324819470533	0.09090238022700423
912	0.06447654669194004	0.09084224955616683
913	0.06442074276776122	0.09078229338866146
914	0.0643650693286951	0.09072251087817768
915	0.0643095255307729	0.0906629011812149
916	0.06425411053186066	0.09060346345703796
917	0.06419882349164177	0.09054419686763313
918	0.06414366357159887	0.09048510057766389
919	0.06408862993499678	0.09042617375442644
920	0.0640337217468648	0.09036741556780507
921	0.06397893817397954	0.0903088251902276
922	0.06392427838484797	0.09025040179662067
923	0.06386974154969073	0.09019214456436445
924	0.06381532684042492	0.09013405267324756
925	0.06376103343064814	0.09007612530542215
926	0.06370686049562192	0.09001836164535812
927	0.06365280721225566	0.08996076087979776
928	0.06359887275909092	0.08990332219770966
929	0.06354505631628533	0.0898460447902432
930	0.06349135706559761	0.08978892785068222
931	0.06343777419037194	0.08973197057439865
932	0.06338430687552347	0.08967517215880626
933	0.06333095430752295	0.08961853180331406
934	0.06327771567438283	0.08956204870927922
935	0.06322459016564261	0.08950572207996046
936	0.06317157697235505	0.08944955112047015
937	0.06311867528707274	0.08939353503772779
938	0.06306588430383421	0.08933767304041193
939	0.06301320321815115	0.08928196433891246
940	0.06296063122699555	0.08922640814528239
941	0.06290816752878718	0.0891710036731901
942	0.06285581132338164	0.08911575013787071
943	0.06280356181205807	0.08906064675607736
944	0.06275141819750807	0.0890056927460327
945	0.06269937968382445	0.08895088732737942
946	0.06264744547649019	0.0888962297211314
947	0.06259561478236846	0.08884171914962416
948	0.06254388680969221	0.08878735483646501
949	0.0624922607680546	0.08873313600648348
950	0.062440735868399926	0.08867906188568084
951	0.06238931132301449	0.08862513170118022
952	0.062337986345518286	0.08857134468117561
953	0.062286760150857046	0.08851770005488159
954	0.06223563195529465	0.08846419705248205
955	0.062184600976405956	0.0884108349050793
956	0.06213366643307012	0.08835761284464211
957	0.06208282754546455	0.088304530103955
958	0.06203208353505911	0.08825158591656587
959	0.06198143362461104	0.08819877951673413
960	0.06193087703815984	0.08814611013937831
961	0.061880413001023746	0.08809357702002422
962	0.06183004073979566	0.08804117939475188
963	0.061779759482340026	0.08798891650014296
964	0.061729568457790554	0.08793678757322766
965	0.06167946689654796	0.08788479185143183
966	0.0616294540302788	0.08783292857252353
967	0.06157952909191438	0.08778119697455931
968	0.061529691315650926	0.08772959629583114
969	0.06147993993694959	0.0876781257748123
970	0.061430274192537826	0.08762678465010318
971	0.06138069332041094	0.08757557216037766
972	0.06133119655983433	0.08752448754432889
973	0.06128178315134686	0.08747353004061473
974	0.061232452336763915	0.08742269888780357
975	0.06118320335918248	0.08737199332431941
976	0.061134035462985854	0.08732141258838781
977	0.06108494789384946	0.08727095591798101
978	0.06103593989874771	0.08722062255076284
979	0.060987010725960834	0.08717041172403454
980	0.06093815962508337	0.08712032267467962
981	0.06088938584703299	0.08707035463910902
982	0.06084068864405961	0.08702050685320639
983	0.0607920672697567	0.08697077855227334
984	0.06074352097907171	0.08692116897097439
985	0.06069504902831867	0.08687167734328277
986	0.060646650675191115	0.08682230290242511
987	0.06059832517877552	0.08677304488082771
988	0.06055007179956631	0.08672390251006135
989	0.060501889799481366	0.08667487502078738
990	0.06045377844187833	0.08662596164270371
991	0.060405736991572166	0.08657716160449073
992	0.0603577647148532	0.08652847413375743
993	0.060309860879506814	0.08647989845698834
994	0.06026202475483304	0.08643143379949002
995	0.06021425561166817	0.08638307938533835
996	0.06016655272240671	0.0863348344373256
997	0.06011891536102462	0.0862866981769089
998	0.06007134280310335	0.0862386698241578
999	0.0600238343258549	0.08619074859770319
